2015-08-13 18:38:35 - PHP Warning:  fopen(/var/www/html/opencart/system/modification/system/engine/action.php): failed to open stream: No such file or directory in /var/www/html/opencart/admin/controller/extension/modification.php on line 408
2015-08-13 18:38:35 - PHP Warning:  fwrite() expects parameter 1 to be resource, boolean given in /var/www/html/opencart/admin/controller/extension/modification.php on line 410
2015-08-13 18:38:35 - PHP Warning:  fclose() expects parameter 1 to be resource, boolean given in /var/www/html/opencart/admin/controller/extension/modification.php on line 412
2015-08-13 18:38:35 - PHP Warning:  fopen(/var/www/html/opencart/system/modification/system/engine/loader.php): failed to open stream: No such file or directory in /var/www/html/opencart/admin/controller/extension/modification.php on line 408
2015-08-13 18:38:35 - PHP Warning:  fwrite() expects parameter 1 to be resource, boolean given in /var/www/html/opencart/admin/controller/extension/modification.php on line 410
2015-08-13 18:38:35 - PHP Warning:  fclose() expects parameter 1 to be resource, boolean given in /var/www/html/opencart/admin/controller/extension/modification.php on line 412
2015-08-13 18:38:35 - PHP Warning:  fopen(/var/www/html/opencart/system/modification/system/library/config.php): failed to open stream: No such file or directory in /var/www/html/opencart/admin/controller/extension/modification.php on line 408
2015-08-13 18:38:35 - PHP Warning:  fwrite() expects parameter 1 to be resource, boolean given in /var/www/html/opencart/admin/controller/extension/modification.php on line 410
2015-08-13 18:38:35 - PHP Warning:  fclose() expects parameter 1 to be resource, boolean given in /var/www/html/opencart/admin/controller/extension/modification.php on line 412
2015-08-13 18:38:35 - PHP Warning:  fopen(/var/www/html/opencart/system/modification/system/library/language.php): failed to open stream: No such file or directory in /var/www/html/opencart/admin/controller/extension/modification.php on line 408
2015-08-13 18:38:35 - PHP Warning:  fwrite() expects parameter 1 to be resource, boolean given in /var/www/html/opencart/admin/controller/extension/modification.php on line 410
2015-08-13 18:38:35 - PHP Warning:  fclose() expects parameter 1 to be resource, boolean given in /var/www/html/opencart/admin/controller/extension/modification.php on line 412
2015-08-13 18:38:35 - PHP Warning:  fopen(/var/www/html/opencart/system/modification/admin/controller/common/menu.php): failed to open stream: No such file or directory in /var/www/html/opencart/admin/controller/extension/modification.php on line 408
2015-08-13 18:38:35 - PHP Warning:  fwrite() expects parameter 1 to be resource, boolean given in /var/www/html/opencart/admin/controller/extension/modification.php on line 410
2015-08-13 18:38:35 - PHP Warning:  fclose() expects parameter 1 to be resource, boolean given in /var/www/html/opencart/admin/controller/extension/modification.php on line 412
2015-08-13 18:38:35 - PHP Warning:  fopen(/var/www/html/opencart/system/modification/admin/language/english/common/menu.php): failed to open stream: No such file or directory in /var/www/html/opencart/admin/controller/extension/modification.php on line 408
2015-08-13 18:38:35 - PHP Warning:  fwrite() expects parameter 1 to be resource, boolean given in /var/www/html/opencart/admin/controller/extension/modification.php on line 410
2015-08-13 18:38:35 - PHP Warning:  fclose() expects parameter 1 to be resource, boolean given in /var/www/html/opencart/admin/controller/extension/modification.php on line 412
2015-08-13 18:38:35 - PHP Warning:  fopen(/var/www/html/opencart/system/modification/admin/view/template/common/menu.tpl): failed to open stream: No such file or directory in /var/www/html/opencart/admin/controller/extension/modification.php on line 408
2015-08-13 18:38:35 - PHP Warning:  fwrite() expects parameter 1 to be resource, boolean given in /var/www/html/opencart/admin/controller/extension/modification.php on line 410
2015-08-13 18:38:35 - PHP Warning:  fclose() expects parameter 1 to be resource, boolean given in /var/www/html/opencart/admin/controller/extension/modification.php on line 412
2015-08-13 18:39:35 - PHP Warning:  fopen(/var/www/html/opencart/system/modification/system/engine/action.php): failed to open stream: No such file or directory in /var/www/html/opencart/admin/controller/extension/modification.php on line 408
2015-08-13 18:39:35 - PHP Warning:  fwrite() expects parameter 1 to be resource, boolean given in /var/www/html/opencart/admin/controller/extension/modification.php on line 410
2015-08-13 18:39:35 - PHP Warning:  fclose() expects parameter 1 to be resource, boolean given in /var/www/html/opencart/admin/controller/extension/modification.php on line 412
2015-08-13 18:39:35 - PHP Warning:  fopen(/var/www/html/opencart/system/modification/system/engine/loader.php): failed to open stream: No such file or directory in /var/www/html/opencart/admin/controller/extension/modification.php on line 408
2015-08-13 18:39:35 - PHP Warning:  fwrite() expects parameter 1 to be resource, boolean given in /var/www/html/opencart/admin/controller/extension/modification.php on line 410
2015-08-13 18:39:35 - PHP Warning:  fclose() expects parameter 1 to be resource, boolean given in /var/www/html/opencart/admin/controller/extension/modification.php on line 412
2015-08-13 18:39:35 - PHP Warning:  fopen(/var/www/html/opencart/system/modification/system/library/config.php): failed to open stream: No such file or directory in /var/www/html/opencart/admin/controller/extension/modification.php on line 408
2015-08-13 18:39:35 - PHP Warning:  fwrite() expects parameter 1 to be resource, boolean given in /var/www/html/opencart/admin/controller/extension/modification.php on line 410
2015-08-13 18:39:35 - PHP Warning:  fclose() expects parameter 1 to be resource, boolean given in /var/www/html/opencart/admin/controller/extension/modification.php on line 412
2015-08-13 18:39:35 - PHP Warning:  fopen(/var/www/html/opencart/system/modification/system/library/language.php): failed to open stream: No such file or directory in /var/www/html/opencart/admin/controller/extension/modification.php on line 408
2015-08-13 18:39:35 - PHP Warning:  fwrite() expects parameter 1 to be resource, boolean given in /var/www/html/opencart/admin/controller/extension/modification.php on line 410
2015-08-13 18:39:35 - PHP Warning:  fclose() expects parameter 1 to be resource, boolean given in /var/www/html/opencart/admin/controller/extension/modification.php on line 412
2015-08-13 18:39:47 - PHP Warning:  fopen(/var/www/html/opencart/system/modification/system/engine/action.php): failed to open stream: No such file or directory in /var/www/html/opencart/admin/controller/extension/modification.php on line 408
2015-08-13 18:39:47 - PHP Warning:  fwrite() expects parameter 1 to be resource, boolean given in /var/www/html/opencart/admin/controller/extension/modification.php on line 410
2015-08-13 18:39:47 - PHP Warning:  fclose() expects parameter 1 to be resource, boolean given in /var/www/html/opencart/admin/controller/extension/modification.php on line 412
2015-08-13 18:39:47 - PHP Warning:  fopen(/var/www/html/opencart/system/modification/system/engine/loader.php): failed to open stream: No such file or directory in /var/www/html/opencart/admin/controller/extension/modification.php on line 408
2015-08-13 18:39:47 - PHP Warning:  fwrite() expects parameter 1 to be resource, boolean given in /var/www/html/opencart/admin/controller/extension/modification.php on line 410
2015-08-13 18:39:47 - PHP Warning:  fclose() expects parameter 1 to be resource, boolean given in /var/www/html/opencart/admin/controller/extension/modification.php on line 412
2015-08-13 18:39:47 - PHP Warning:  fopen(/var/www/html/opencart/system/modification/system/library/config.php): failed to open stream: No such file or directory in /var/www/html/opencart/admin/controller/extension/modification.php on line 408
2015-08-13 18:39:47 - PHP Warning:  fwrite() expects parameter 1 to be resource, boolean given in /var/www/html/opencart/admin/controller/extension/modification.php on line 410
2015-08-13 18:39:47 - PHP Warning:  fclose() expects parameter 1 to be resource, boolean given in /var/www/html/opencart/admin/controller/extension/modification.php on line 412
2015-08-13 18:39:47 - PHP Warning:  fopen(/var/www/html/opencart/system/modification/system/library/language.php): failed to open stream: No such file or directory in /var/www/html/opencart/admin/controller/extension/modification.php on line 408
2015-08-13 18:39:47 - PHP Warning:  fwrite() expects parameter 1 to be resource, boolean given in /var/www/html/opencart/admin/controller/extension/modification.php on line 410
2015-08-13 18:39:47 - PHP Warning:  fclose() expects parameter 1 to be resource, boolean given in /var/www/html/opencart/admin/controller/extension/modification.php on line 412
2015-08-13 18:39:47 - PHP Warning:  fopen(/var/www/html/opencart/system/modification/admin/controller/common/menu.php): failed to open stream: No such file or directory in /var/www/html/opencart/admin/controller/extension/modification.php on line 408
2015-08-13 18:39:47 - PHP Warning:  fwrite() expects parameter 1 to be resource, boolean given in /var/www/html/opencart/admin/controller/extension/modification.php on line 410
2015-08-13 18:39:47 - PHP Warning:  fclose() expects parameter 1 to be resource, boolean given in /var/www/html/opencart/admin/controller/extension/modification.php on line 412
2015-08-13 18:39:47 - PHP Warning:  fopen(/var/www/html/opencart/system/modification/admin/language/english/common/menu.php): failed to open stream: No such file or directory in /var/www/html/opencart/admin/controller/extension/modification.php on line 408
2015-08-13 18:39:47 - PHP Warning:  fwrite() expects parameter 1 to be resource, boolean given in /var/www/html/opencart/admin/controller/extension/modification.php on line 410
2015-08-13 18:39:47 - PHP Warning:  fclose() expects parameter 1 to be resource, boolean given in /var/www/html/opencart/admin/controller/extension/modification.php on line 412
2015-08-13 18:39:47 - PHP Warning:  fopen(/var/www/html/opencart/system/modification/admin/view/template/common/menu.tpl): failed to open stream: No such file or directory in /var/www/html/opencart/admin/controller/extension/modification.php on line 408
2015-08-13 18:39:47 - PHP Warning:  fwrite() expects parameter 1 to be resource, boolean given in /var/www/html/opencart/admin/controller/extension/modification.php on line 410
2015-08-13 18:39:47 - PHP Warning:  fclose() expects parameter 1 to be resource, boolean given in /var/www/html/opencart/admin/controller/extension/modification.php on line 412
2015-08-13 18:43:06 - PHP Warning:  fopen(/var/www/html/opencart/system/modification/system/engine/action.php): failed to open stream: No such file or directory in /var/www/html/opencart/admin/controller/extension/modification.php on line 408
2015-08-13 18:43:06 - PHP Warning:  fwrite() expects parameter 1 to be resource, boolean given in /var/www/html/opencart/admin/controller/extension/modification.php on line 410
2015-08-13 18:43:06 - PHP Warning:  fclose() expects parameter 1 to be resource, boolean given in /var/www/html/opencart/admin/controller/extension/modification.php on line 412
2015-08-13 18:43:06 - PHP Warning:  fopen(/var/www/html/opencart/system/modification/system/engine/loader.php): failed to open stream: No such file or directory in /var/www/html/opencart/admin/controller/extension/modification.php on line 408
2015-08-13 18:43:06 - PHP Warning:  fwrite() expects parameter 1 to be resource, boolean given in /var/www/html/opencart/admin/controller/extension/modification.php on line 410
2015-08-13 18:43:06 - PHP Warning:  fclose() expects parameter 1 to be resource, boolean given in /var/www/html/opencart/admin/controller/extension/modification.php on line 412
2015-08-13 18:43:06 - PHP Warning:  fopen(/var/www/html/opencart/system/modification/system/library/config.php): failed to open stream: No such file or directory in /var/www/html/opencart/admin/controller/extension/modification.php on line 408
2015-08-13 18:43:06 - PHP Warning:  fwrite() expects parameter 1 to be resource, boolean given in /var/www/html/opencart/admin/controller/extension/modification.php on line 410
2015-08-13 18:43:06 - PHP Warning:  fclose() expects parameter 1 to be resource, boolean given in /var/www/html/opencart/admin/controller/extension/modification.php on line 412
2015-08-13 18:43:06 - PHP Warning:  fopen(/var/www/html/opencart/system/modification/system/library/language.php): failed to open stream: No such file or directory in /var/www/html/opencart/admin/controller/extension/modification.php on line 408
2015-08-13 18:43:06 - PHP Warning:  fwrite() expects parameter 1 to be resource, boolean given in /var/www/html/opencart/admin/controller/extension/modification.php on line 410
2015-08-13 18:43:06 - PHP Warning:  fclose() expects parameter 1 to be resource, boolean given in /var/www/html/opencart/admin/controller/extension/modification.php on line 412
2015-08-13 22:17:15 - PHP Notice:  Undefined variable: hsignup_plan in /var/www/html/opencart/catalog/view/theme/default/template/account/signup.tpl on line 232
2015-08-13 22:18:14 - PHP Notice:  Undefined variable: hsignup_plan in /var/www/html/opencart/catalog/view/theme/default/template/account/signup.tpl on line 232
2015-08-13 22:18:37 - PHP Notice:  Undefined variable: hsignup_plan in /var/www/html/opencart/catalog/view/theme/default/template/account/signup.tpl on line 232
2015-08-13 22:19:35 - PHP Notice:  Undefined variable: hsignup_plan in /var/www/html/opencart/catalog/view/theme/default/template/account/signup.tpl on line 232
2015-08-13 22:19:48 - PHP Notice:  Undefined variable: hsignup_plan in /var/www/html/opencart/catalog/view/theme/default/template/account/signup.tpl on line 232
2015-08-13 22:19:52 - PHP Notice:  Uninitialized string offset: 1 in /var/www/html/opencart/catalog/model/account/signup.php on line 132
2015-08-13 22:19:52 - PHP Notice:  Uninitialized string offset: 1 in /var/www/html/opencart/catalog/model/account/signup.php on line 132
2015-08-13 22:23:40 - PHP Notice:  Undefined variable: hsignup_plan in /var/www/html/opencart/catalog/view/theme/default/template/account/signup.tpl on line 232
2015-08-13 22:25:10 - PHP Notice:  Undefined variable: hsignup_plan in /var/www/html/opencart/catalog/view/theme/default/template/account/signup.tpl on line 232
2015-08-13 22:25:22 - PHP Notice:  Uninitialized string offset: 1 in /var/www/html/opencart/catalog/model/account/signup.php on line 132
2015-08-13 22:25:22 - PHP Notice:  Uninitialized string offset: 1 in /var/www/html/opencart/catalog/model/account/signup.php on line 132
